<?xml version="1.0" encoding="UTF-8"?>
<testsuite xmlns:xsi="http://www.w3.org/2001/XMLSchema-instance" xsi:noNamespaceSchemaLocation="https://maven.apache.org/surefire/maven-surefire-plugin/xsd/surefire-test-report.xsd" name="com.mercadolibre.app.ExamenMercadoLibreApplicationTests" time="6.443" tests="4" errors="0" skipped="0" failures="0">
  <properties>
[...]
</properties>
  <testcase name="humanTest" classname="com.mercadolibre.app.ExamenMercadoLibreApplicationTests" time="0.221"/>
  <testcase name="muntanTest" classname="com.mercadolibre.app.ExamenMercadoLibreApplicationTests" time="0.064"/>
  <testcase name="statisticsTest" classname="com.mercadolibre.app.ExamenMercadoLibreApplicationTests" time="0.139"/>
  <testcase name="existsAdnTest" classname="com.mercadolibre.app.ExamenMercadoLibreApplicationTests" time="0.033"/>
</testsuite>